<?xml version="1.0" encoding="UTF-8"?>
<!-- Generated by org.testng.reporters.JUnitXMLReporter -->
<testsuite hostname="LAPTOP-M8DQC35L" failures="0" tests="5" name="Default test" time="174.628" errors="0" timestamp="28 Nov 2023 16:56:10 GMT">
  <testcase classname="com.adactin.testcases.TC001_Login" name="TC001" time="29.245"/>
  <testcase classname="com.adactin.testcases.TC002_SearchHotel" name="TC002" time="33.379"/>
  <testcase classname="com.adactin.testcases.TC003_Print_Dropdown_Location_Values" name="TC003" time="34.201"/>
  <testcase classname="com.adactin.testcases.TC004_Select_Hotel" name="TC004" time="39.697"/>
  <testcase classname="com.adactin.testcases.TC005_Book_Hotel" name="TC005" time="38.082"/>
</testsuite> <!-- Default test -->
